
DATE: 09/28/2023                                     RATHBUN LAKE RESERVATIONS                                              PAGE:  1
                                                            ERROR REPORT                                                            

ERROR RECORD                                                                                                                        

ISLAND VIEW              B102024023011LESTER              HANNAH              01000V123456789123456720240224                        
ERR9: RESERVATION DAY MUST BE 1-29 FOR MONTH                                                                                        

ISLAND VIEW              B10202502291BLESTER              HANNAH              01000V123456789123456720240224                        
ERR12: LENGTH OF STAY MUST BE NUMERIC                                                                                               
ERR10: RESERVATION DAY MUST BE 1-28 FOR MONTH                                                                                       
ERR12: LENGTH OF STAY MUST BE NUMERIC                                                                                               
ERR16: AMOUNT MUST BE NUMERIC                                                                                                       

BUCK CREEK               Q142024022402XXXXXXXXXXXXXXXXXXXXXXXXXXXXXXXXXXXXXXXX0140qV123456789123456720250224                        
ERR17: AMOUNT MUST BE LENGTH OF STAY * SITE FEE                                                                                     
ERR27: AMOUNT CANNOT BE NEGATIVE                                                                                                    

BUCK CREEK               X992021022402XXXXXXXXXXXXXXXXXXXXXXXXXXXXXXXXXXXXXXXX01400V123456789123456720210224                        
ERR11: RESERVATION DATE MUST BE AFTER TODAY                                                                                         
ERR26: CREDIT CARD EXPIRATION DATE MUST BE AFTER T                                                                                  

SOAP CREEK               A102024041202DYLAN               BOB                 02000M765432198765432120240224                        
ERR1: CAMPGROUND MUST BE "BUCK CREEK", "ISLAND VIE, OR "HONEY CREEK".                                                               
ERR17: AMOUNT MUST BE LENGTH OF STAY * SITE FEE                                                                                     

BUCK CREEK               1232024032012DAVIS               DAVE                10000A123456789123456720240224                        
ERR2: FIRST POSITION OF SITE MUST BE A LETTER                                                                                       
ERR13: LENGTH OF STAY MUST BE 2-11                                                                                                  

HONEY CREK               A202024022304CUERVO              JOSE                04000V765432198765432120240224                        
ERR1: CAMPGROUND MUST BE "BUCK CREEK", "ISLAND VIE, OR "HONEY CREEK".                                                               
ERR17: AMOUNT MUST BE LENGTH OF STAY * SITE FEE                                                                                     

BUCK CREEK               ABC2024010601BIRKNER             HARRISON            01000M123456789123456720240224                        
ERR13: LENGTH OF STAY MUST BE 2-11                                                                                                  

HONEY CREK               A00ABCDEFGH09BERNARD             ANDY                09000A765432198765432120250224                        
ERR1: CAMPGROUND MUST BE "BUCK CREEK", "ISLAND VIE, OR "HONEY CREEK".                                                               
ERR3: SECOND PART OF SITE MUST BE NUMERIC                                                                                           
ERR5: RESERVATION DATE NOT NUMERIC                                                                                                  
ERR17: AMOUNT MUST BE LENGTH OF STAY * SITE FEE                                                                                     

ISLAND VIEW              B102024001511LESTER              HANNAH              11000V123456789123456720240224                        
ERR6: RESERVATION MONTH MUST BE 1-12                                                                                                
ERR17: AMOUNT MUST BE LENGTH OF STAY * SITE FEE                                                                                     

ISLAND VIEW              B452024131510HERNANDEZ           ALEXANDER           10000M765432198765432120240224                        
ERR6: RESERVATION MONTH MUST BE 1-12                                                                                                
ERR17: AMOUNT MUST BE LENGTH OF STAY * SITE FEE                                                                                     

ISLAND VIEW              B452024022910HERNANDEZ           ALEXANDER           10000A123456789123456720240224                        
ERR17: AMOUNT MUST BE LENGTH OF STAY * SITE FEE                                                                                     

ISLAND VIEW              B452024001305HILL                JUSTIIN             05000V765432198765432120240224                        
ERR6: RESERVATION MONTH MUST BE 1-12                                                                                                
ERR17: AMOUNT MUST BE LENGTH OF STAY * SITE FEE                                                                                     


DATE: 09/28/2023                                     RATHBUN LAKE RESERVATIONS                                              PAGE:  2
                                                            ERROR REPORT                                                            

ERROR RECORD                                                                                                                        

BUCK CREEK               N982024022400FREEMAN             MORGAN              00000M123456789123456720210224                        
ERR13: LENGTH OF STAY MUST BE 2-11                                                                                                  
ERR26: CREDIT CARD EXPIRATION DATE MUST BE AFTER T                                                                                  

HONEY CREEK              M992024031413JONES               GEORGE              15600A765432198765432120240224                        
ERR13: LENGTH OF STAY MUST BE 2-11                                                                                                  
ERR17: AMOUNT MUST BE LENGTH OF STAY * SITE FEE                                                                                     

ISLAND VIEW              D542024121402                    KENNY               02400V123456789123456720240224                        
ERR14: LAST NAME MUST NOT BE BLANK                                                                                                  
ERR17: AMOUNT MUST BE LENGTH OF STAY * SITE FEE                                                                                     

HONEY CREEK              G542024050205DYLAN                                   06000M765432198765432120240224                        
ERR15: FIRST NAME MUST NOT BE BLANK                                                                                                 
ERR17: AMOUNT MUST BE LENGTH OF STAY * SITE FEE                                                                                     

BUCK CREEK               F692024042002STRAIT              GEORGE              XXXXXA123456789123456720240224                        
ERR4: SECOND PART OF SITE MUST BE GREATER THAN ZER                                                                                  
ERR16: AMOUNT MUST BE NUMERIC                                                                                                       

BUCK CREEK               A122024032001BIRKNER             HARRISON            02000V765432198765432120240224                        
ERR13: LENGTH OF STAY MUST BE 2-11                                                                                                  
ERR17: AMOUNT MUST BE LENGTH OF STAY * SITE FEE                                                                                     

ISLAND VIEW              B152024022302BERNARD             ANDY                02000X123456789123456720240224                        
ERR17: AMOUNT MUST BE LENGTH OF STAY * SITE FEE                                                                                     
ERR18: CREDIT CARD TYPE MUST BE "V", "M", OR "A"                                                                                    

HONEY CREEK              C422024010605LESTER              HANNAH              05000VXXXXXXXXXXXXXXXX20240224                        
ERR17: AMOUNT MUST BE LENGTH OF STAY * SITE FEE                                                                                     
ERR19: CREDIT CARD NUMBER MUST BE NUMERIC                                                                                           

ISLAND VIEW              D582024023212HERNANDEZ           ALEXANDER           14400M7654321987654321ABCDEFGH                        
ERR9: RESERVATION DAY MUST BE 1-29 FOR MONTH                                                                                        
ERR13: LENGTH OF STAY MUST BE 2-11                                                                                                  
ERR17: AMOUNT MUST BE LENGTH OF STAY * SITE FEE                                                                                     
ERR20: CREDIT CARD EXPIRATION DATE NOT NUMERIC                                                                                      

HONEY CREEK              E692024031410HILL                JUSTIIN             12000A123456789123456720240015                        
ERR17: AMOUNT MUST BE LENGTH OF STAY * SITE FEE                                                                                     
ERR21: CREDIT CARD EXPIRATION MONTH MUST BE 1-12                                                                                    

BUCK CREEK               F422024121406FREEMAN             MORGAN              07200V765432198765432120241315                        
ERR17: AMOUNT MUST BE LENGTH OF STAY * SITE FEE                                                                                     
ERR21: CREDIT CARD EXPIRATION MONTH MUST BE 1-12                                                                                    

BUCK CREEK               N062025050608DOO                 SCOOBY              11200M123456789123456720240229                        
ERR17: AMOUNT MUST BE LENGTH OF STAY * SITE FEE                                                                                     

BUCK CREEK               X992024022402XXXXXXXXXXXXXXXXXXXXXXXXXXXXXXXXXXXXXXXX01400V123456789123456720151013                        
ERR26: CREDIT CARD EXPIRATION DATE MUST BE AFTER T                                                                                  

ISLAND VIEW              B102024011511LESTER              HANNAH              01000V123456789123456720240230                        
ERR24: CREDIT CARD EXPIRATION DAY MUST BE 1-29 FOR                                                                                  

ISLAND VIEW              5102024063111LESTER              HANNAH              01000V123456789123456720250200                        
ERR2: FIRST POSITION OF SITE MUST BE A LETTER                                                                                       
ERR7: RESERVATION DAY MUST BE 1-30 FOR MONTH                                                                                        
ERR25: CREDIT CARD EXPIRATION DAY MUST BE 1-28 FOR                                                                                  

ISLAND VIEW              B102024070011LESTER              HANNAH              01000V123456789123456720240224                        
ERR8: RESERVATION DAY MUST BE 1-31 FOR MONTH                                                                                        

ISLAND VIEW              B102024070011                    HANNAH              01000V123456789123456720240631                        
ERR8: RESERVATION DAY MUST BE 1-31 FOR MONTH                                                                                        
ERR14: LAST NAME MUST NOT BE BLANK                                                                                                  
ERR22: CREDIT CARD EXPIRATION DAY MUST BE 1-30 FOR                                                                                  

ISLAND VIEW              B102024070011LESTER                                  01000V123456789123456720240732                        
ERR8: RESERVATION DAY MUST BE 1-31 FOR MONTH                                                                                        
ERR15: FIRST NAME MUST NOT BE BLANK                                                                                                 
ERR23: CREDIT CARD EXPIRATION DAY MUST BE 1-31 FOR                                                                                  

TOTALS: ERRONEOUS RECORDS  ERRORS                                                                                                   
                       31      64                                                                                                   