
DATE: 11/12/2023                                    JUST FITS FURNITURE EMPORIUM                                            PAGE:  1
                                                        WEEKLY SALES REPORT                                                         

SALESPERSON                     SUNDAY       MONDAY      TUESDAY    WEDNESDAY     THURSDAY       FRIDAY     SATURDAY          WEEKLY
   NAME                                                                                                                       TOTALS
------------------------------------------------------------------------------------------------------------------------------------
WILKENING                    $1,051.94      $815.86      $455.93    $6,207.89    $2,560.82         $.00         $.00   $11,092.44   
WILSON                       $1,051.94      $815.89      $455.88    $4,556.87         $.00         $.00    $4,211.88   $11,092.46   
THOMAS                       $1,051.94      $815.93      $455.80         $.00         $.00    $6,207.82    $2,560.90   $11,092.39   
JONES                        $1,051.94    $1,088.91         $.00         $.00    $2,735.86    $3,654.85    $2,560.77   $11,092.33   
HULLANDER                    $1,363.83         $.00         $.00      $503.96   $50,455.76    $6,207.82    $2,560.76   $61,092.13   
DOBRANSKI                         $.00         $.00    $1,212.93      $654.91      $455.76   $66,207.82    $2,560.76   $71,092.18   
COLTER                            $.00    $1,212.93      $654.91    $1,406.75    $5,256.83    $2,560.76         $.00   $11,092.18   
MADISON                      $1,051.94         $.00         $.00      $815.90      $455.76    $6,207.82    $2,560.76   $11,092.18   
JACKSON                      $1,051.94      $815.90         $.00         $.00      $455.76    $6,207.82    $2,560.76   $11,092.18   
DAHLBERG                     $1,051.94      $824.90      $455.76    $4,205.85    $4,562.73         $.00         $.00   $11,101.18   
RICKMAN                      $1,051.94      $815.90      $474.76    $6,207.82         $.00         $.00    $2,560.76   $11,111.18   
HOSKINS                      $1,051.94      $815.90    $1,415.75         $.00         $.00    $3,856.84    $3,960.75   $11,101.18   
VAN DER HORST                     $.00    $1,051.94      $815.90      $455.76    $6,256.82    $2,560.76         $.00   $11,141.18   
PARKER                            $.00         $.00    $1,051.94      $804.90      $455.76   $66,206.82    $2,560.76   $71,080.18   
------------------------------------------------------------------------------------------------------------------------------------

GRAND TOTALS:               $10,831.29                   $7,449.56                  $73,651.86                  $28,658.86          
                                       $9,074.06                  $25,820.61                 $169,879.13                 $325,365.37



































DATE: 11/12/2023                                    JUST FITS FURNITURE EMPORIUM                                            PAGE:  2
                                                          FURNITURE REPORT                                                          

                                 FURNITURE                                                  FURNITURE                               
                                 TYPE                                                      TYPE TOTAL                               
------------------------------------------------------------------------------------------------------------------------------------
                                 SOFAS/LOVESEATS                                           $18,257.26                               
                                 CHAIRS                                                    $28,460.34                               
                                 COFFEE/END TABLES                                         $59,421.02                               
                                 DINING ROOM TABLES                                         $6,630.58                               
                                 DINING ROOM CHAIRS                                        $22,414.92                               
                                 HUTCHES/CURIO CABINETS                                    $31,409.51                               
                                 LAMPS                                                     $14,167.58                               
                                 MATTRESS/BOX SPRINGS                                      $72,956.58                               
                                 BEDROOM FURNITURE                                         $71,647.58                               
------------------------------------------------------------------------------------------------------------------------------------

                                 FURNITURE GRAND TOTAL                                    $325,365.37                               